  [1m[35m (82.8ms)[0m  [1m[35mCREATE DATABASE "react_rails_api_project_template_development" ENCODING = 'unicode'[0m
  [1m[35m (29.1ms)[0m  [1m[35mCREATE DATABASE "react_rails_api_project_template_test" ENCODING = 'unicode'[0m
Started GET "/" for ::1 at 2022-03-24 20:25:51 -0400
  [1m[35m (23.6ms)[0m  [1m[35mCREATE TABLE "schema_migrations" ("version" character varying NOT NULL PRIMARY KEY)[0m
  [1m[35m (69.0ms)[0m  [1m[35mCREATE TABLE "ar_internal_metadata" ("key" character varying NOT NULL PRIMARY KEY, "value" character varying, "created_at" timestamp(6) NOT NULL, "updated_at" timestamp(6) NOT NULL)[0m
  [1m[35m (0.7ms)[0m  [1m[34mSELECT "schema_migrations"."version" FROM "schema_migrations" ORDER BY "schema_migrations"."version" ASC[0m
  
ActiveRecord::PendingMigrationError (

Migrations are pending. To resolve this issue, run:

        bin/rails db:migrate RAILS_ENV=development

You have 3 pending migrations:

20220324234622_create_constellations.rb
20220324235430_create_stars.rb
20220325001124_create_users.rb


):
  
activerecord (6.1.3.2) lib/active_record/migration.rb:625:in `check_pending!'
activerecord (6.1.3.2) lib/active_record/migration.rb:590:in `block (2 levels) in call'
activesupport (6.1.3.2) lib/active_support/evented_file_update_checker.rb:59:in `execute'
activerecord (6.1.3.2) lib/active_record/migration.rb:595:in `block in call'
activerecord (6.1.3.2) lib/active_record/migration.rb:587:in `synchronize'
activerecord (6.1.3.2) lib/active_record/migration.rb:587:in `call'
actionpack (6.1.3.2) lib/action_dispatch/middleware/callbacks.rb:27:in `block in call'
activesupport (6.1.3.2) lib/active_support/callbacks.rb:98:in `run_callbacks'
actionpack (6.1.3.2) lib/action_dispatch/middleware/callbacks.rb:26:in `call'
actionpack (6.1.3.2) lib/action_dispatch/middleware/executor.rb:14:in `call'
actionpack (6.1.3.2) lib/action_dispatch/middleware/actionable_exceptions.rb:18:in `call'
actionpack (6.1.3.2) lib/action_dispatch/middleware/debug_exceptions.rb:29:in `call'
actionpack (6.1.3.2) lib/action_dispatch/middleware/show_exceptions.rb:33:in `call'
railties (6.1.3.2) lib/rails/rack/logger.rb:37:in `call_app'
railties (6.1.3.2) lib/rails/rack/logger.rb:26:in `block in call'
activesupport (6.1.3.2) lib/active_support/tagged_logging.rb:99:in `block in tagged'
activesupport (6.1.3.2) lib/active_support/tagged_logging.rb:37:in `tagged'
activesupport (6.1.3.2) lib/active_support/tagged_logging.rb:99:in `tagged'
railties (6.1.3.2) lib/rails/rack/logger.rb:26:in `call'
actionpack (6.1.3.2) lib/action_dispatch/middleware/remote_ip.rb:81:in `call'
actionpack (6.1.3.2) lib/action_dispatch/middleware/request_id.rb:26:in `call'
rack (2.2.3) lib/rack/runtime.rb:22:in `call'
activesupport (6.1.3.2) lib/active_support/cache/strategy/local_cache_middleware.rb:29:in `call'
actionpack (6.1.3.2) lib/action_dispatch/middleware/executor.rb:14:in `call'
actionpack (6.1.3.2) lib/action_dispatch/middleware/static.rb:24:in `call'
rack (2.2.3) lib/rack/sendfile.rb:110:in `call'
actionpack (6.1.3.2) lib/action_dispatch/middleware/host_authorization.rb:98:in `call'
railties (6.1.3.2) lib/rails/engine.rb:539:in `call'
puma (5.3.2) lib/puma/configuration.rb:249:in `call'
puma (5.3.2) lib/puma/request.rb:77:in `block in handle_request'
puma (5.3.2) lib/puma/thread_pool.rb:338:in `with_force_shutdown'
puma (5.3.2) lib/puma/request.rb:76:in `handle_request'
puma (5.3.2) lib/puma/server.rb:438:in `process_client'
puma (5.3.2) lib/puma/thread_pool.rb:145:in `block in spawn_thread'
Started GET "/favicon.ico" for ::1 at 2022-03-24 20:25:51 -0400
  [1m[35m (0.3ms)[0m  [1m[34mSELECT "schema_migrations"."version" FROM "schema_migrations" ORDER BY "schema_migrations"."version" ASC[0m
  [1m[35mCACHE  (0.0ms)[0m  [1m[34mSELECT "schema_migrations"."version" FROM "schema_migrations" ORDER BY "schema_migrations"."version" ASC[0m
  
ActiveRecord::PendingMigrationError (

Migrations are pending. To resolve this issue, run:

        bin/rails db:migrate RAILS_ENV=development

You have 3 pending migrations:

20220324234622_create_constellations.rb
20220324235430_create_stars.rb
20220325001124_create_users.rb


):
  
activerecord (6.1.3.2) lib/active_record/migration.rb:625:in `check_pending!'
activerecord (6.1.3.2) lib/active_record/migration.rb:590:in `block (2 levels) in call'
activesupport (6.1.3.2) lib/active_support/evented_file_update_checker.rb:59:in `execute'
activerecord (6.1.3.2) lib/active_record/migration.rb:595:in `block in call'
activerecord (6.1.3.2) lib/active_record/migration.rb:587:in `synchronize'
activerecord (6.1.3.2) lib/active_record/migration.rb:587:in `call'
actionpack (6.1.3.2) lib/action_dispatch/middleware/callbacks.rb:27:in `block in call'
activesupport (6.1.3.2) lib/active_support/callbacks.rb:98:in `run_callbacks'
actionpack (6.1.3.2) lib/action_dispatch/middleware/callbacks.rb:26:in `call'
actionpack (6.1.3.2) lib/action_dispatch/middleware/executor.rb:14:in `call'
actionpack (6.1.3.2) lib/action_dispatch/middleware/actionable_exceptions.rb:18:in `call'
actionpack (6.1.3.2) lib/action_dispatch/middleware/debug_exceptions.rb:29:in `call'
actionpack (6.1.3.2) lib/action_dispatch/middleware/show_exceptions.rb:33:in `call'
railties (6.1.3.2) lib/rails/rack/logger.rb:37:in `call_app'
railties (6.1.3.2) lib/rails/rack/logger.rb:26:in `block in call'
activesupport (6.1.3.2) lib/active_support/tagged_logging.rb:99:in `block in tagged'
activesupport (6.1.3.2) lib/active_support/tagged_logging.rb:37:in `tagged'
activesupport (6.1.3.2) lib/active_support/tagged_logging.rb:99:in `tagged'
railties (6.1.3.2) lib/rails/rack/logger.rb:26:in `call'
actionpack (6.1.3.2) lib/action_dispatch/middleware/remote_ip.rb:81:in `call'
actionpack (6.1.3.2) lib/action_dispatch/middleware/request_id.rb:26:in `call'
rack (2.2.3) lib/rack/runtime.rb:22:in `call'
activesupport (6.1.3.2) lib/active_support/cache/strategy/local_cache_middleware.rb:29:in `call'
actionpack (6.1.3.2) lib/action_dispatch/middleware/executor.rb:14:in `call'
actionpack (6.1.3.2) lib/action_dispatch/middleware/static.rb:24:in `call'
rack (2.2.3) lib/rack/sendfile.rb:110:in `call'
actionpack (6.1.3.2) lib/action_dispatch/middleware/host_authorization.rb:98:in `call'
railties (6.1.3.2) lib/rails/engine.rb:539:in `call'
puma (5.3.2) lib/puma/configuration.rb:249:in `call'
puma (5.3.2) lib/puma/request.rb:77:in `block in handle_request'
puma (5.3.2) lib/puma/thread_pool.rb:338:in `with_force_shutdown'
puma (5.3.2) lib/puma/request.rb:76:in `handle_request'
puma (5.3.2) lib/puma/server.rb:438:in `process_client'
puma (5.3.2) lib/puma/thread_pool.rb:145:in `block in spawn_thread'
  [1m[35m (0.6ms)[0m  [1m[34mSELECT pg_try_advisory_lock(1087325618115650655)[0m
  [1m[35m (0.5ms)[0m  [1m[34mSELECT "schema_migrations"."version" FROM "schema_migrations" ORDER BY "schema_migrations"."version" ASC[0m
Migrating to CreateConstellations (20220324234622)
  [1m[36mTRANSACTION (0.1ms)[0m  [1m[35mBEGIN[0m
  [1m[35m (7.7ms)[0m  [1m[35mCREATE TABLE "constellations" ("id" bigserial primary key, "name" character varying, "abbreviation" character varying, "right_ascension_hrs_mins" character varying, "declination_degs_mins" character varying, "area_sq_deg" float, "percentage_of_sky_area" float, "quadrant" character varying, "brightest_star_id" integer, "main_stars" integer, "origin" text, "image_url" character varying, "created_at" timestamp(6) NOT NULL, "updated_at" timestamp(6) NOT NULL)[0m
  [1m[36mActiveRecord::SchemaMigration Create (1.4ms)[0m  [1m[32mINSERT INTO "schema_migrations" ("version") VALUES ($1) RETURNING "version"[0m  [["version", "20220324234622"]]
  [1m[36mTRANSACTION (1.0ms)[0m  [1m[35mCOMMIT[0m
Migrating to CreateStars (20220324235430)
  [1m[36mTRANSACTION (0.6ms)[0m  [1m[35mBEGIN[0m
  [1m[35m (12.6ms)[0m  [1m[35mCREATE TABLE "stars" ("id" bigserial primary key, "name" character varying, "constellation_id" bigint NOT NULL, "right_ascension_hrs_mins" character varying, "declination_degs_mins" character varying, "apparent_magnitude" float, "age" character varying, "mass_kg" float, "radius_km" float, "bright_star" boolean, "image_url" character varying, "created_at" timestamp(6) NOT NULL, "updated_at" timestamp(6) NOT NULL, CONSTRAINT "fk_rails_5593bcc87a"
FOREIGN KEY ("constellation_id")
  REFERENCES "constellations" ("id")
)[0m
  [1m[35m (1.3ms)[0m  [1m[35mCREATE INDEX "index_stars_on_constellation_id" ON "stars" ("constellation_id")[0m
  [1m[36mActiveRecord::SchemaMigration Create (0.3ms)[0m  [1m[32mINSERT INTO "schema_migrations" ("version") VALUES ($1) RETURNING "version"[0m  [["version", "20220324235430"]]
  [1m[36mTRANSACTION (0.3ms)[0m  [1m[35mCOMMIT[0m
Migrating to CreateUsers (20220325001124)
  [1m[36mTRANSACTION (0.3ms)[0m  [1m[35mBEGIN[0m
  [1m[35m (8.5ms)[0m  [1m[35mCREATE TABLE "users" ("id" bigserial primary key, "name" character varying, "username" character varying, "password" character varying, "created_at" timestamp(6) NOT NULL, "updated_at" timestamp(6) NOT NULL)[0m
  [1m[36mActiveRecord::SchemaMigration Create (0.4ms)[0m  [1m[32mINSERT INTO "schema_migrations" ("version") VALUES ($1) RETURNING "version"[0m  [["version", "20220325001124"]]
  [1m[36mTRANSACTION (0.3ms)[0m  [1m[35mCOMMIT[0m
  [1m[36mActiveRecord::InternalMetadata Load (0.7ms)[0m  [1m[34mSELECT "ar_internal_metadata".* FROM "ar_internal_metadata" WHERE "ar_internal_metadata"."key" = $1 LIMIT $2[0m  [["key", "environment"], ["LIMIT", 1]]
  [1m[36mTRANSACTION (0.1ms)[0m  [1m[35mBEGIN[0m
  [1m[36mActiveRecord::InternalMetadata Create (1.8ms)[0m  [1m[32mINSERT INTO "ar_internal_metadata" ("key", "value", "created_at", "updated_at") VALUES ($1, $2, $3, $4) RETURNING "key"[0m  [["key", "environment"], ["value", "development"], ["created_at", "2022-03-25 00:31:04.395049"], ["updated_at", "2022-03-25 00:31:04.395049"]]
  [1m[36mTRANSACTION (0.3ms)[0m  [1m[35mCOMMIT[0m
  [1m[35m (0.2ms)[0m  [1m[34mSELECT pg_advisory_unlock(1087325618115650655)[0m
  [1m[35m (0.5ms)[0m  [1m[34mSELECT "schema_migrations"."version" FROM "schema_migrations" ORDER BY "schema_migrations"."version" ASC[0m
Started GET "/" for ::1 at 2022-03-24 20:31:37 -0400
  [1m[35m (0.6ms)[0m  [1m[34mSELECT "schema_migrations"."version" FROM "schema_migrations" ORDER BY "schema_migrations"."version" ASC[0m
Processing by Rails::WelcomeController#index as HTML
  Rendering /Users/chunyi/.rvm/gems/ruby-2.7.4/gems/railties-6.1.3.2/lib/rails/templates/rails/welcome/index.html.erb
  Rendered /Users/chunyi/.rvm/gems/ruby-2.7.4/gems/railties-6.1.3.2/lib/rails/templates/rails/welcome/index.html.erb (Duration: 3.6ms | Allocations: 294)
Completed 200 OK in 9ms (Views: 5.0ms | ActiveRecord: 0.0ms | Allocations: 2689)


Started GET "/favicon.ico" for ::1 at 2022-03-24 20:31:37 -0400
  
ActionController::RoutingError (No route matches [GET] "/favicon.ico"):
  
Started GET "/constellations" for ::1 at 2022-03-28 15:35:26 -0400
  [1m[35m (2.0ms)[0m  [1m[34mSELECT "schema_migrations"."version" FROM "schema_migrations" ORDER BY "schema_migrations"."version" ASC[0m
Processing by ConstellationsController#index as */*
  [1m[36mConstellation Load (11.4ms)[0m  [1m[34mSELECT "constellations".* FROM "constellations"[0m
  ↳ app/controllers/constellations_controller.rb:8:in `index'
[active_model_serializers] Rendered ActiveModel::Serializer::CollectionSerializer with ActiveModelSerializers::Adapter::Attributes (12.77ms)
Completed 200 OK in 76ms (Views: 35.8ms | ActiveRecord: 35.4ms | Allocations: 30380)


Started GET "/constellations" for ::1 at 2022-03-28 15:35:28 -0400
Processing by ConstellationsController#index as */*
  [1m[36mConstellation Load (2.1ms)[0m  [1m[34mSELECT "constellations".* FROM "constellations"[0m
  ↳ app/controllers/constellations_controller.rb:8:in `index'
[active_model_serializers] Rendered ActiveModel::Serializer::CollectionSerializer with ActiveModelSerializers::Adapter::Attributes (20.01ms)
Completed 200 OK in 43ms (Views: 38.9ms | ActiveRecord: 2.1ms | Allocations: 18666)


Started GET "/constellations" for ::1 at 2022-03-28 15:35:29 -0400
Processing by ConstellationsController#index as */*
  [1m[36mConstellation Load (1.2ms)[0m  [1m[34mSELECT "constellations".* FROM "constellations"[0m
  ↳ app/controllers/constellations_controller.rb:8:in `index'
[active_model_serializers] Rendered ActiveModel::Serializer::CollectionSerializer with ActiveModelSerializers::Adapter::Attributes (12.44ms)
Completed 200 OK in 19ms (Views: 17.4ms | ActiveRecord: 1.2ms | Allocations: 18667)


Started GET "/constellations" for ::1 at 2022-03-28 15:35:38 -0400
Processing by ConstellationsController#index as */*
  [1m[36mConstellation Load (0.9ms)[0m  [1m[34mSELECT "constellations".* FROM "constellations"[0m
  ↳ app/controllers/constellations_controller.rb:8:in `index'
[active_model_serializers] Rendered ActiveModel::Serializer::CollectionSerializer with ActiveModelSerializers::Adapter::Attributes (15.95ms)
Completed 200 OK in 42ms (Views: 40.5ms | ActiveRecord: 0.9ms | Allocations: 18666)


Started GET "/constellations" for ::1 at 2022-03-28 15:36:11 -0400
Processing by ConstellationsController#index as */*
  [1m[36mConstellation Load (1.9ms)[0m  [1m[34mSELECT "constellations".* FROM "constellations"[0m
  ↳ app/controllers/constellations_controller.rb:8:in `index'
[active_model_serializers] Rendered ActiveModel::Serializer::CollectionSerializer with ActiveModelSerializers::Adapter::Attributes (32.28ms)
Completed 200 OK in 57ms (Views: 53.5ms | ActiveRecord: 1.9ms | Allocations: 18667)


Started GET "/constellations/" for ::1 at 2022-03-28 15:36:29 -0400
Started GET "/constellations" for ::1 at 2022-03-28 15:36:29 -0400
Processing by ConstellationsController#index as */*
Processing by ConstellationsController#index as */*
  [1m[36mConstellation Load (1.8ms)[0m  [1m[34mSELECT "constellations".* FROM "constellations"[0m
  ↳ app/controllers/constellations_controller.rb:8:in `index'
[active_model_serializers] Rendered ActiveModel::Serializer::CollectionSerializer with ActiveModelSerializers::Adapter::Attributes (12.81ms)
Completed 200 OK in 23ms (Views: 21.1ms | ActiveRecord: 1.8ms | Allocations: 19051)


  [1m[36mConstellation Load (1.5ms)[0m  [1m[34mSELECT "constellations".* FROM "constellations"[0m
  ↳ app/controllers/constellations_controller.rb:8:in `index'
[active_model_serializers] Rendered ActiveModel::Serializer::CollectionSerializer with ActiveModelSerializers::Adapter::Attributes (7.99ms)
Completed 200 OK in 50ms (Views: 34.8ms | ActiveRecord: 14.6ms | Allocations: 40686)


Started GET "/constellations/" for ::1 at 2022-03-28 15:37:11 -0400
Processing by ConstellationsController#index as */*
  [1m[36mConstellation Load (4.6ms)[0m  [1m[34mSELECT "constellations".* FROM "constellations"[0m
  ↳ app/controllers/constellations_controller.rb:8:in `index'
[active_model_serializers] Rendered ActiveModel::Serializer::CollectionSerializer with ActiveModelSerializers::Adapter::Attributes (62.79ms)
Completed 200 OK in 87ms (Views: 78.9ms | ActiveRecord: 4.6ms | Allocations: 18645)


Started GET "/constellations/" for ::1 at 2022-03-28 15:37:12 -0400
Started GET "/constellations" for ::1 at 2022-03-28 15:37:12 -0400
Processing by ConstellationsController#index as */*
Processing by ConstellationsController#index as */*
  [1m[36mConstellation Load (3.5ms)[0m  [1m[34mSELECT "constellations".* FROM "constellations"[0m
  ↳ app/controllers/constellations_controller.rb:8:in `index'
[active_model_serializers] Rendered ActiveModel::Serializer::CollectionSerializer with ActiveModelSerializers::Adapter::Attributes (12.86ms)
  [1m[36mConstellation Load (43.0ms)[0m  [1m[34mSELECT "constellations".* FROM "constellations"[0m
  ↳ app/controllers/constellations_controller.rb:8:in `index'
Completed 200 OK in 60ms (Views: 56.4ms | ActiveRecord: 3.5ms | Allocations: 18984)


[active_model_serializers] Rendered ActiveModel::Serializer::CollectionSerializer with ActiveModelSerializers::Adapter::Attributes (7.3ms)
Completed 200 OK in 78ms (Views: 34.8ms | ActiveRecord: 43.0ms | Allocations: 37455)


Started GET "/constellations/" for ::1 at 2022-03-28 15:37:13 -0400
Started GET "/constellations" for ::1 at 2022-03-28 15:37:13 -0400
Processing by ConstellationsController#index as */*
Processing by ConstellationsController#index as */*
  [1m[36mConstellation Load (4.2ms)[0m  [1m[34mSELECT "constellations".* FROM "constellations"[0m
  ↳ app/controllers/constellations_controller.rb:8:in `index'
  [1m[36mConstellation Load (5.6ms)[0m  [1m[34mSELECT "constellations".* FROM "constellations"[0m
  ↳ app/controllers/constellations_controller.rb:8:in `index'
[active_model_serializers] Rendered ActiveModel::Serializer::CollectionSerializer with ActiveModelSerializers::Adapter::Attributes (18.36ms)
[active_model_serializers] Rendered ActiveModel::Serializer::CollectionSerializer with ActiveModelSerializers::Adapter::Attributes (12.63ms)
Completed 200 OK in 47ms (Views: 42.8ms | ActiveRecord: 4.2ms | Allocations: 37150)


Completed 200 OK in 48ms (Views: 42.5ms | ActiveRecord: 5.6ms | Allocations: 37327)


Started GET "/constellations" for ::1 at 2022-03-28 15:37:41 -0400
Started GET "/constellations/" for ::1 at 2022-03-28 15:37:41 -0400
Processing by ConstellationsController#index as */*
Processing by ConstellationsController#index as */*
  [1m[36mConstellation Load (28.1ms)[0m  [1m[34mSELECT "constellations".* FROM "constellations"[0m
  ↳ app/controllers/constellations_controller.rb:8:in `index'
[active_model_serializers] Rendered ActiveModel::Serializer::CollectionSerializer with ActiveModelSerializers::Adapter::Attributes (20.57ms)
Completed 200 OK in 65ms (Views: 37.1ms | ActiveRecord: 28.1ms | Allocations: 18679)


  [1m[36mConstellation Load (66.5ms)[0m  [1m[34mSELECT "constellations".* FROM "constellations"[0m
  ↳ app/controllers/constellations_controller.rb:8:in `index'
[active_model_serializers] Rendered ActiveModel::Serializer::CollectionSerializer with ActiveModelSerializers::Adapter::Attributes (29.36ms)
Completed 200 OK in 113ms (Views: 45.4ms | ActiveRecord: 66.5ms | Allocations: 37724)


Started GET "/constellations/" for ::1 at 2022-03-28 15:37:43 -0400
Started GET "/constellations" for ::1 at 2022-03-28 15:37:43 -0400
Processing by ConstellationsController#index as */*
Processing by ConstellationsController#index as */*
  [1m[36mConstellation Load (3.6ms)[0m  [1m[34mSELECT "constellations".* FROM "constellations"[0m
  ↳ app/controllers/constellations_controller.rb:8:in `index'
  [1m[36mConstellation Load (3.8ms)[0m  [1m[34mSELECT "constellations".* FROM "constellations"[0m
[active_model_serializers] Rendered ActiveModel::Serializer::CollectionSerializer with ActiveModelSerializers::Adapter::Attributes (18.64ms)
Completed 200 OK in 80ms (Views: 75.7ms | ActiveRecord: 3.6ms | Allocations: 19252)


  ↳ app/controllers/constellations_controller.rb:8:in `index'
[active_model_serializers] Rendered ActiveModel::Serializer::CollectionSerializer with ActiveModelSerializers::Adapter::Attributes (12.42ms)
Completed 200 OK in 103ms (Views: 99.2ms | ActiveRecord: 3.8ms | Allocations: 37455)


Started GET "/constellations/" for ::1 at 2022-03-28 15:38:29 -0400
Started GET "/constellations" for ::1 at 2022-03-28 15:38:29 -0400
Processing by ConstellationsController#index as */*
Processing by ConstellationsController#index as */*
  [1m[36mConstellation Load (5.0ms)[0m  [1m[34mSELECT "constellations".* FROM "constellations"[0m
  ↳ app/controllers/constellations_controller.rb:8:in `index'
[active_model_serializers] Rendered ActiveModel::Serializer::CollectionSerializer with ActiveModelSerializers::Adapter::Attributes (20.74ms)
  [1m[36mConstellation Load (5.6ms)[0m  [1m[34mSELECT "constellations".* FROM "constellations"[0m
  ↳ app/controllers/constellations_controller.rb:8:in `index'
Completed 200 OK in 49ms (Views: 42.2ms | ActiveRecord: 5.0ms | Allocations: 18802)


[active_model_serializers] Rendered ActiveModel::Serializer::CollectionSerializer with ActiveModelSerializers::Adapter::Attributes (34.8ms)
Completed 200 OK in 92ms (Views: 86.2ms | ActiveRecord: 5.6ms | Allocations: 37456)


Started GET "/constellations" for ::1 at 2022-03-28 15:45:47 -0400
Started GET "/constellations/" for ::1 at 2022-03-28 15:45:47 -0400
Processing by ConstellationsController#index as */*
Processing by ConstellationsController#index as */*
  [1m[36mConstellation Load (9.2ms)[0m  [1m[34mSELECT "constellations".* FROM "constellations"[0m
  ↳ app/controllers/constellations_controller.rb:8:in `index'
  [1m[36mConstellation Load (11.7ms)[0m  [1m[34mSELECT "constellations".* FROM "constellations"[0m
  ↳ app/controllers/constellations_controller.rb:8:in `index'
[active_model_serializers] Rendered ActiveModel::Serializer::CollectionSerializer with ActiveModelSerializers::Adapter::Attributes (18.36ms)
[active_model_serializers] Rendered ActiveModel::Serializer::CollectionSerializer with ActiveModelSerializers::Adapter::Attributes (9.73ms)
Completed 200 OK in 236ms (Views: 216.5ms | ActiveRecord: 70.0ms | Allocations: 43854)


Completed 200 OK in 191ms (Views: 190.7ms | ActiveRecord: 71.1ms | Allocations: 43332)


Started GET "/constellations/" for ::1 at 2022-03-28 15:47:28 -0400
Started GET "/constellations" for ::1 at 2022-03-28 15:47:28 -0400
Processing by ConstellationsController#index as */*
Processing by ConstellationsController#index as */*
  [1m[36mConstellation Load (5.6ms)[0m  [1m[34mSELECT "constellations".* FROM "constellations"[0m
  ↳ app/controllers/constellations_controller.rb:8:in `index'
[active_model_serializers] Rendered ActiveModel::Serializer::CollectionSerializer with ActiveModelSerializers::Adapter::Attributes (56.34ms)
Completed 200 OK in 133ms (Views: 126.0ms | ActiveRecord: 5.6ms | Allocations: 18775)


  [1m[36mConstellation Load (3.6ms)[0m  [1m[34mSELECT "constellations".* FROM "constellations"[0m
  ↳ app/controllers/constellations_controller.rb:8:in `index'
[active_model_serializers] Rendered ActiveModel::Serializer::CollectionSerializer with ActiveModelSerializers::Adapter::Attributes (13.37ms)
Completed 200 OK in 156ms (Views: 148.3ms | ActiveRecord: 3.6ms | Allocations: 37560)


Started GET "/constellations/" for ::1 at 2022-03-28 15:48:03 -0400
Processing by ConstellationsController#index as */*
  [1m[36mConstellation Load (14.7ms)[0m  [1m[34mSELECT "constellations".* FROM "constellations"[0m
  ↳ app/controllers/constellations_controller.rb:8:in `index'
[active_model_serializers] Rendered ActiveModel::Serializer::CollectionSerializer with ActiveModelSerializers::Adapter::Attributes (105.03ms)
Completed 200 OK in 153ms (Views: 136.6ms | ActiveRecord: 14.7ms | Allocations: 18646)


Started GET "/constellations" for ::1 at 2022-03-28 15:48:12 -0400
Started GET "/constellations/" for ::1 at 2022-03-28 15:48:12 -0400
Processing by ConstellationsController#index as */*
Processing by ConstellationsController#index as */*
  [1m[36mConstellation Load (1.3ms)[0m  [1m[34mSELECT "constellations".* FROM "constellations"[0m
  ↳ app/controllers/constellations_controller.rb:8:in `index'
[active_model_serializers] Rendered ActiveModel::Serializer::CollectionSerializer with ActiveModelSerializers::Adapter::Attributes (63.11ms)
Completed 200 OK in 100ms (Views: 98.2ms | ActiveRecord: 1.3ms | Allocations: 18698)


  [1m[36mConstellation Load (94.6ms)[0m  [1m[34mSELECT "constellations".* FROM "constellations"[0m
  ↳ app/controllers/constellations_controller.rb:8:in `index'
[active_model_serializers] Rendered ActiveModel::Serializer::CollectionSerializer with ActiveModelSerializers::Adapter::Attributes (35.57ms)
Completed 200 OK in 155ms (Views: 59.9ms | ActiveRecord: 94.6ms | Allocations: 37560)


Started GET "/constellations/" for ::1 at 2022-03-28 15:48:13 -0400
Started GET "/constellations" for ::1 at 2022-03-28 15:48:13 -0400
Processing by ConstellationsController#index as */*
Processing by ConstellationsController#index as */*
  [1m[36mConstellation Load (1.0ms)[0m  [1m[34mSELECT "constellations".* FROM "constellations"[0m
  ↳ app/controllers/constellations_controller.rb:8:in `index'
[active_model_serializers] Rendered ActiveModel::Serializer::CollectionSerializer with ActiveModelSerializers::Adapter::Attributes (12.91ms)
Completed 200 OK in 18ms (Views: 16.8ms | ActiveRecord: 1.0ms | Allocations: 18644)


  [1m[36mConstellation Load (0.8ms)[0m  [1m[34mSELECT "constellations".* FROM "constellations"[0m
  ↳ app/controllers/constellations_controller.rb:8:in `index'
[active_model_serializers] Rendered ActiveModel::Serializer::CollectionSerializer with ActiveModelSerializers::Adapter::Attributes (9.55ms)
Completed 200 OK in 41ms (Views: 39.9ms | ActiveRecord: 0.8ms | Allocations: 37559)


Started GET "/constellations/90" for ::1 at 2022-03-28 15:48:23 -0400
Processing by ConstellationsController#show as */*
  Parameters: {"id"=>"90"}
  [1m[36mConstellation Load (2.9ms)[0m  [1m[34mSELECT "constellations".* FROM "constellations" WHERE "constellations"."id" = $1 LIMIT $2[0m  [["id", 90], ["LIMIT", 1]]
  ↳ app/controllers/constellations_controller.rb:18:in `find_constellation'
[active_model_serializers] Rendered ConstellationSerializer with ActiveModelSerializers::Adapter::Attributes (0.33ms)
Completed 200 OK in 70ms (Views: 1.1ms | ActiveRecord: 3.3ms | Allocations: 5414)


Started GET "/constellations" for ::1 at 2022-03-28 15:48:25 -0400
Processing by ConstellationsController#index as */*
Started GET "/constellations/90" for ::1 at 2022-03-28 15:48:25 -0400
Processing by ConstellationsController#show as */*
  Parameters: {"id"=>"90"}
  [1m[36mConstellation Load (9.7ms)[0m  [1m[34mSELECT "constellations".* FROM "constellations"[0m
  ↳ app/controllers/constellations_controller.rb:8:in `index'
[active_model_serializers] Rendered ActiveModel::Serializer::CollectionSerializer with ActiveModelSerializers::Adapter::Attributes (32.43ms)
Completed 200 OK in 52ms (Views: 41.9ms | ActiveRecord: 9.7ms | Allocations: 19233)


  [1m[36mConstellation Load (6.5ms)[0m  [1m[34mSELECT "constellations".* FROM "constellations" WHERE "constellations"."id" = $1 LIMIT $2[0m  [["id", 90], ["LIMIT", 1]]
  ↳ app/controllers/constellations_controller.rb:18:in `find_constellation'
[active_model_serializers] Rendered ConstellationSerializer with ActiveModelSerializers::Adapter::Attributes (0.86ms)
Completed 200 OK in 64ms (Views: 1.7ms | ActiveRecord: 8.1ms | Allocations: 19612)


Started GET "/constellations" for ::1 at 2022-03-28 15:48:33 -0400
Started GET "/constellations/90" for ::1 at 2022-03-28 15:48:33 -0400
Processing by ConstellationsController#show as */*
  Parameters: {"id"=>"90"}
Processing by ConstellationsController#index as */*
  [1m[36mConstellation Load (1.3ms)[0m  [1m[34mSELECT "constellations".* FROM "constellations" WHERE "constellations"."id" = $1 LIMIT $2[0m  [["id", 90], ["LIMIT", 1]]
  ↳ app/controllers/constellations_controller.rb:18:in `find_constellation'
[active_model_serializers] Rendered ConstellationSerializer with ActiveModelSerializers::Adapter::Attributes (1.23ms)
Completed 200 OK in 20ms (Views: 2.4ms | ActiveRecord: 1.3ms | Allocations: 929)


  [1m[36mConstellation Load (10.3ms)[0m  [1m[34mSELECT "constellations".* FROM "constellations"[0m
  ↳ app/controllers/constellations_controller.rb:8:in `index'
[active_model_serializers] Rendered ActiveModel::Serializer::CollectionSerializer with ActiveModelSerializers::Adapter::Attributes (15.58ms)
Completed 200 OK in 47ms (Views: 36.2ms | ActiveRecord: 10.3ms | Allocations: 19650)


Started GET "/constellations/90" for ::1 at 2022-03-28 15:48:38 -0400
Processing by ConstellationsController#show as */*
  Parameters: {"id"=>"90"}
  [1m[36mConstellation Load (1.4ms)[0m  [1m[34mSELECT "constellations".* FROM "constellations" WHERE "constellations"."id" = $1 LIMIT $2[0m  [["id", 90], ["LIMIT", 1]]
  ↳ app/controllers/constellations_controller.rb:18:in `find_constellation'
[active_model_serializers] Rendered ConstellationSerializer with ActiveModelSerializers::Adapter::Attributes (4.74ms)
Completed 200 OK in 16ms (Views: 5.5ms | ActiveRecord: 1.4ms | Allocations: 774)


Started GET "/constellations/90" for ::1 at 2022-03-28 15:48:42 -0400
Started GET "/constellations" for ::1 at 2022-03-28 15:48:42 -0400
Processing by ConstellationsController#show as */*
  Parameters: {"id"=>"90"}
Processing by ConstellationsController#index as */*
  [1m[36mConstellation Load (0.8ms)[0m  [1m[34mSELECT "constellations".* FROM "constellations" WHERE "constellations"."id" = $1 LIMIT $2[0m  [["id", 90], ["LIMIT", 1]]
  ↳ app/controllers/constellations_controller.rb:18:in `find_constellation'
[active_model_serializers] Rendered ConstellationSerializer with ActiveModelSerializers::Adapter::Attributes (4.1ms)
  [1m[36mConstellation Load (7.3ms)[0m  [1m[34mSELECT "constellations".* FROM "constellations"[0m
Completed 200 OK in 13ms (Views: 5.1ms | ActiveRecord: 0.8ms | Allocations: 1112)


  ↳ app/controllers/constellations_controller.rb:8:in `index'
[active_model_serializers] Rendered ActiveModel::Serializer::CollectionSerializer with ActiveModelSerializers::Adapter::Attributes (14.3ms)
Completed 200 OK in 35ms (Views: 24.7ms | ActiveRecord: 7.3ms | Allocations: 19686)


Started GET "/constellations/90" for ::1 at 2022-03-28 15:48:43 -0400
Started GET "/constellations" for ::1 at 2022-03-28 15:48:43 -0400
Processing by ConstellationsController#index as */*
Processing by ConstellationsController#show as */*
  Parameters: {"id"=>"90"}
  [1m[36mConstellation Load (0.8ms)[0m  [1m[34mSELECT "constellations".* FROM "constellations" WHERE "constellations"."id" = $1 LIMIT $2[0m  [["id", 90], ["LIMIT", 1]]
  ↳ app/controllers/constellations_controller.rb:18:in `find_constellation'
[active_model_serializers] Rendered ConstellationSerializer with ActiveModelSerializers::Adapter::Attributes (0.29ms)
Completed 200 OK in 4ms (Views: 0.7ms | ActiveRecord: 0.8ms | Allocations: 810)


  [1m[36mConstellation Load (3.5ms)[0m  [1m[34mSELECT "constellations".* FROM "constellations"[0m
  ↳ app/controllers/constellations_controller.rb:8:in `index'
[active_model_serializers] Rendered ActiveModel::Serializer::CollectionSerializer with ActiveModelSerializers::Adapter::Attributes (18.04ms)
Completed 200 OK in 29ms (Views: 25.4ms | ActiveRecord: 3.5ms | Allocations: 19700)


Started GET "/constellations" for ::1 at 2022-03-28 15:48:48 -0400
Processing by ConstellationsController#index as */*
  [1m[36mConstellation Load (1.6ms)[0m  [1m[34mSELECT "constellations".* FROM "constellations"[0m
  ↳ app/controllers/constellations_controller.rb:8:in `index'
[active_model_serializers] Rendered ActiveModel::Serializer::CollectionSerializer with ActiveModelSerializers::Adapter::Attributes (22.36ms)
Completed 200 OK in 43ms (Views: 41.0ms | ActiveRecord: 1.6ms | Allocations: 18645)


Started GET "/constellations" for ::1 at 2022-03-28 16:02:58 -0400
Processing by ConstellationsController#index as */*
  [1m[36mConstellation Load (65.0ms)[0m  [1m[34mSELECT "constellations".* FROM "constellations"[0m
  ↳ app/controllers/constellations_controller.rb:8:in `index'
[active_model_serializers] Rendered ActiveModel::Serializer::CollectionSerializer with ActiveModelSerializers::Adapter::Attributes (34.08ms)
Completed 200 OK in 412ms (Views: 400.8ms | ActiveRecord: 196.5ms | Allocations: 21907)


Started GET "/" for 127.0.0.1 at 2022-03-28 16:06:22 -0400
Processing by Rails::WelcomeController#index as HTML
  Rendering /Users/aaronkaplan/.rvm/gems/ruby-2.7.4/gems/railties-6.1.3.2/lib/rails/templates/rails/welcome/index.html.erb
  Rendered /Users/aaronkaplan/.rvm/gems/ruby-2.7.4/gems/railties-6.1.3.2/lib/rails/templates/rails/welcome/index.html.erb (Duration: 28.1ms | Allocations: 294)
Completed 200 OK in 98ms (Views: 38.5ms | ActiveRecord: 0.0ms | Allocations: 2271)


Started GET "/favicon.ico" for 127.0.0.1 at 2022-03-28 16:06:23 -0400
  
ActionController::RoutingError (No route matches [GET] "/favicon.ico"):
  
Started GET "/constellations" for ::1 at 2022-03-28 16:14:11 -0400
Processing by ConstellationsController#index as */*
  [1m[36mConstellation Load (8.3ms)[0m  [1m[34mSELECT "constellations".* FROM "constellations"[0m
  ↳ app/controllers/constellations_controller.rb:8:in `index'
[active_model_serializers] Rendered ActiveModel::Serializer::CollectionSerializer with ActiveModelSerializers::Adapter::Attributes (14.86ms)
Completed 200 OK in 145ms (Views: 138.2ms | ActiveRecord: 45.0ms | Allocations: 21818)


Started GET "/constellations" for ::1 at 2022-03-28 16:14:13 -0400
Processing by ConstellationsController#index as */*
  [1m[36mConstellation Load (34.4ms)[0m  [1m[34mSELECT "constellations".* FROM "constellations"[0m
  ↳ app/controllers/constellations_controller.rb:8:in `index'
[active_model_serializers] Rendered ActiveModel::Serializer::CollectionSerializer with ActiveModelSerializers::Adapter::Attributes (86.24ms)
Completed 200 OK in 145ms (Views: 109.2ms | ActiveRecord: 34.4ms | Allocations: 18645)


Started GET "/constellations" for ::1 at 2022-03-28 16:14:39 -0400
Processing by ConstellationsController#index as */*
  [1m[36mConstellation Load (9.7ms)[0m  [1m[34mSELECT "constellations".* FROM "constellations"[0m
  ↳ app/controllers/constellations_controller.rb:8:in `index'
[active_model_serializers] Rendered ActiveModel::Serializer::CollectionSerializer with ActiveModelSerializers::Adapter::Attributes (15.61ms)
Completed 200 OK in 48ms (Views: 35.6ms | ActiveRecord: 9.7ms | Allocations: 18644)


Started GET "/constellations" for ::1 at 2022-03-28 16:14:42 -0400
Processing by ConstellationsController#index as */*
  [1m[36mConstellation Load (1.4ms)[0m  [1m[34mSELECT "constellations".* FROM "constellations"[0m
  ↳ app/controllers/constellations_controller.rb:8:in `index'
[active_model_serializers] Rendered ActiveModel::Serializer::CollectionSerializer with ActiveModelSerializers::Adapter::Attributes (13.81ms)
Completed 200 OK in 21ms (Views: 19.5ms | ActiveRecord: 1.4ms | Allocations: 18645)


Started GET "/constellations" for ::1 at 2022-03-28 16:15:30 -0400
Processing by ConstellationsController#index as */*
  [1m[36mConstellation Load (5.8ms)[0m  [1m[34mSELECT "constellations".* FROM "constellations"[0m
  ↳ app/controllers/constellations_controller.rb:8:in `index'
[active_model_serializers] Rendered ActiveModel::Serializer::CollectionSerializer with ActiveModelSerializers::Adapter::Attributes (35.42ms)
Completed 200 OK in 74ms (Views: 67.1ms | ActiveRecord: 5.8ms | Allocations: 18645)


Started GET "/constellations" for ::1 at 2022-03-28 16:16:04 -0400
Processing by ConstellationsController#index as */*
  [1m[36mConstellation Load (1.9ms)[0m  [1m[34mSELECT "constellations".* FROM "constellations"[0m
  ↳ app/controllers/constellations_controller.rb:8:in `index'
[active_model_serializers] Rendered ActiveModel::Serializer::CollectionSerializer with ActiveModelSerializers::Adapter::Attributes (28.53ms)
Completed 200 OK in 48ms (Views: 45.9ms | ActiveRecord: 1.9ms | Allocations: 18645)


Started GET "/constellations" for ::1 at 2022-03-28 16:16:40 -0400
Processing by ConstellationsController#index as */*
  [1m[36mConstellation Load (2.7ms)[0m  [1m[34mSELECT "constellations".* FROM "constellations"[0m
  ↳ app/controllers/constellations_controller.rb:8:in `index'
[active_model_serializers] Rendered ActiveModel::Serializer::CollectionSerializer with ActiveModelSerializers::Adapter::Attributes (10.35ms)
Completed 200 OK in 40ms (Views: 36.3ms | ActiveRecord: 2.7ms | Allocations: 18644)


Started GET "/constellations" for ::1 at 2022-03-28 16:18:08 -0400
Processing by ConstellationsController#index as */*
  [1m[36mConstellation Load (13.5ms)[0m  [1m[34mSELECT "constellations".* FROM "constellations"[0m
  ↳ app/controllers/constellations_controller.rb:8:in `index'
[active_model_serializers] Rendered ActiveModel::Serializer::CollectionSerializer with ActiveModelSerializers::Adapter::Attributes (16.5ms)
Completed 200 OK in 69ms (Views: 50.8ms | ActiveRecord: 13.5ms | Allocations: 18645)


Started GET "/constellations" for ::1 at 2022-03-28 16:18:31 -0400
Processing by ConstellationsController#index as */*
  [1m[36mConstellation Load (8.2ms)[0m  [1m[34mSELECT "constellations".* FROM "constellations"[0m
  ↳ app/controllers/constellations_controller.rb:8:in `index'
[active_model_serializers] Rendered ActiveModel::Serializer::CollectionSerializer with ActiveModelSerializers::Adapter::Attributes (15.04ms)
Completed 200 OK in 35ms (Views: 25.9ms | ActiveRecord: 8.2ms | Allocations: 18644)


Started GET "/constellations" for ::1 at 2022-03-28 16:20:34 -0400
Processing by ConstellationsController#index as */*
  [1m[36mConstellation Load (1.4ms)[0m  [1m[34mSELECT "constellations".* FROM "constellations"[0m
  ↳ app/controllers/constellations_controller.rb:8:in `index'
[active_model_serializers] Rendered ActiveModel::Serializer::CollectionSerializer with ActiveModelSerializers::Adapter::Attributes (12.81ms)
Completed 200 OK in 51ms (Views: 47.4ms | ActiveRecord: 1.4ms | Allocations: 18645)


Started GET "/constellations" for ::1 at 2022-03-28 16:20:34 -0400
Processing by ConstellationsController#index as */*
  [1m[36mConstellation Load (1.1ms)[0m  [1m[34mSELECT "constellations".* FROM "constellations"[0m
  ↳ app/controllers/constellations_controller.rb:8:in `index'
[active_model_serializers] Rendered ActiveModel::Serializer::CollectionSerializer with ActiveModelSerializers::Adapter::Attributes (11.13ms)
Completed 200 OK in 38ms (Views: 36.6ms | ActiveRecord: 1.1ms | Allocations: 18644)


Started GET "/constellations" for ::1 at 2022-03-28 16:27:15 -0400
Started GET "/constellations/1" for ::1 at 2022-03-28 16:27:15 -0400
  [1m[35m (1.5ms)[0m  [1m[34mSELECT "schema_migrations"."version" FROM "schema_migrations" ORDER BY "schema_migrations"."version" ASC[0m
Processing by ConstellationsController#index as */*
Processing by ConstellationsController#show as */*
  Parameters: {"id"=>"1"}
  [1m[36mConstellation Load (5.6ms)[0m  [1m[34mSELECT "constellations".* FROM "constellations"[0m
  ↳ app/controllers/constellations_controller.rb:8:in `index'
[active_model_serializers] Rendered ActiveModel::Serializer::CollectionSerializer with ActiveModelSerializers::Adapter::Attributes (16.9ms)
Completed 200 OK in 78ms (Views: 36.2ms | ActiveRecord: 35.1ms | Allocations: 33509)


  [1m[36mConstellation Load (1.3ms)[0m  [1m[34mSELECT "constellations".* FROM "constellations" WHERE "constellations"."id" = $1 LIMIT $2[0m  [["id", 1], ["LIMIT", 1]]
  ↳ app/controllers/constellations_controller.rb:18:in `find_constellation'
[active_model_serializers] Rendered ActiveModel::Serializer::Null with Hash (0.03ms)
Completed 404 Not Found in 95ms (Views: 6.8ms | ActiveRecord: 68.1ms | Allocations: 31603)


Started GET "/constellations/1" for ::1 at 2022-03-28 16:27:16 -0400
Processing by ConstellationsController#show as */*
  Parameters: {"id"=>"1"}
Started GET "/constellations" for ::1 at 2022-03-28 16:27:16 -0400
Processing by ConstellationsController#index as */*
  [1m[36mConstellation Load (1.6ms)[0m  [1m[34mSELECT "constellations".* FROM "constellations" WHERE "constellations"."id" = $1 LIMIT $2[0m  [["id", 1], ["LIMIT", 1]]
  ↳ app/controllers/constellations_controller.rb:18:in `find_constellation'
[active_model_serializers] Rendered ActiveModel::Serializer::Null with Hash (0.04ms)
Completed 404 Not Found in 6ms (Views: 0.3ms | ActiveRecord: 1.6ms | Allocations: 1202)


  [1m[36mConstellation Load (1.8ms)[0m  [1m[34mSELECT "constellations".* FROM "constellations"[0m
  ↳ app/controllers/constellations_controller.rb:8:in `index'
[active_model_serializers] Rendered ActiveModel::Serializer::CollectionSerializer with ActiveModelSerializers::Adapter::Attributes (10.07ms)
Completed 200 OK in 19ms (Views: 16.6ms | ActiveRecord: 1.8ms | Allocations: 19518)


Started GET "/constellations/100" for ::1 at 2022-03-28 16:27:19 -0400
Started GET "/constellations" for ::1 at 2022-03-28 16:27:19 -0400
Processing by ConstellationsController#index as */*
Processing by ConstellationsController#show as */*
  Parameters: {"id"=>"100"}
  [1m[36mConstellation Load (14.8ms)[0m  [1m[34mSELECT "constellations".* FROM "constellations" WHERE "constellations"."id" = $1 LIMIT $2[0m  [["id", 100], ["LIMIT", 1]]
  ↳ app/controllers/constellations_controller.rb:18:in `find_constellation'
  [1m[36mConstellation Load (16.6ms)[0m  [1m[34mSELECT "constellations".* FROM "constellations"[0m
  ↳ app/controllers/constellations_controller.rb:8:in `index'
[active_model_serializers] Rendered ConstellationSerializer with ActiveModelSerializers::Adapter::Attributes (0.27ms)
Completed 200 OK in 36ms (Views: 17.7ms | ActiveRecord: 14.8ms | Allocations: 19291)


[active_model_serializers] Rendered ActiveModel::Serializer::CollectionSerializer with ActiveModelSerializers::Adapter::Attributes (13.8ms)
Completed 200 OK in 38ms (Views: 21.5ms | ActiveRecord: 16.6ms | Allocations: 19900)


Started GET "/constellations/100" for ::1 at 2022-03-28 16:27:35 -0400
Processing by ConstellationsController#show as */*
  Parameters: {"id"=>"100"}
  [1m[36mConstellation Load (1.3ms)[0m  [1m[34mSELECT "constellations".* FROM "constellations" WHERE "constellations"."id" = $1 LIMIT $2[0m  [["id", 100], ["LIMIT", 1]]
  ↳ app/controllers/constellations_controller.rb:18:in `find_constellation'
[active_model_serializers] Rendered ConstellationSerializer with ActiveModelSerializers::Adapter::Attributes (1.1ms)
Completed 200 OK in 33ms (Views: 6.1ms | ActiveRecord: 3.1ms | Allocations: 800)


Started GET "/constellations/100" for ::1 at 2022-03-28 16:27:35 -0400
Started GET "/constellations" for ::1 at 2022-03-28 16:27:35 -0400
Processing by ConstellationsController#show as */*
Processing by ConstellationsController#index as */*
  Parameters: {"id"=>"100"}
  [1m[36mConstellation Load (1.4ms)[0m  [1m[34mSELECT "constellations".* FROM "constellations"[0m
  ↳ app/controllers/constellations_controller.rb:8:in `index'
[active_model_serializers] Rendered ActiveModel::Serializer::CollectionSerializer with ActiveModelSerializers::Adapter::Attributes (45.41ms)
Completed 200 OK in 61ms (Views: 59.4ms | ActiveRecord: 1.4ms | Allocations: 18717)


  [1m[36mConstellation Load (60.1ms)[0m  [1m[34mSELECT "constellations".* FROM "constellations" WHERE "constellations"."id" = $1 LIMIT $2[0m  [["id", 100], ["LIMIT", 1]]
  ↳ app/controllers/constellations_controller.rb:18:in `find_constellation'
[active_model_serializers] Rendered ConstellationSerializer with ActiveModelSerializers::Adapter::Attributes (0.25ms)
Completed 200 OK in 74ms (Views: 0.7ms | ActiveRecord: 60.1ms | Allocations: 19584)


Started GET "/constellations" for ::1 at 2022-03-28 16:27:39 -0400
Started GET "/constellations/100" for ::1 at 2022-03-28 16:27:39 -0400
Processing by ConstellationsController#index as */*
Processing by ConstellationsController#show as */*
  Parameters: {"id"=>"100"}
  [1m[36mConstellation Load (13.0ms)[0m  [1m[34mSELECT "constellations".* FROM "constellations"[0m
  ↳ app/controllers/constellations_controller.rb:8:in `index'
  [1m[36mConstellation Load (3.0ms)[0m  [1m[34mSELECT "constellations".* FROM "constellations" WHERE "constellations"."id" = $1 LIMIT $2[0m  [["id", 100], ["LIMIT", 1]]
[active_model_serializers] Rendered ActiveModel::Serializer::CollectionSerializer with ActiveModelSerializers::Adapter::Attributes (8.7ms)
  ↳ app/controllers/constellations_controller.rb:18:in `find_constellation'
[active_model_serializers] Rendered ConstellationSerializer with ActiveModelSerializers::Adapter::Attributes (0.39ms)
Completed 200 OK in 60ms (Views: 46.1ms | ActiveRecord: 13.0ms | Allocations: 19596)


Completed 200 OK in 58ms (Views: 1.6ms | ActiveRecord: 3.0ms | Allocations: 19349)


Started GET "/constellations/100" for ::1 at 2022-03-28 16:27:48 -0400
Processing by ConstellationsController#show as */*
  Parameters: {"id"=>"100"}
  [1m[36mConstellation Load (0.8ms)[0m  [1m[34mSELECT "constellations".* FROM "constellations" WHERE "constellations"."id" = $1 LIMIT $2[0m  [["id", 100], ["LIMIT", 1]]
  ↳ app/controllers/constellations_controller.rb:18:in `find_constellation'
[active_model_serializers] Rendered ConstellationSerializer with ActiveModelSerializers::Adapter::Attributes (0.99ms)
Completed 200 OK in 8ms (Views: 2.3ms | ActiveRecord: 0.8ms | Allocations: 774)


Started GET "/constellations/100" for ::1 at 2022-03-28 16:27:49 -0400
Started GET "/constellations" for ::1 at 2022-03-28 16:27:49 -0400
Processing by ConstellationsController#show as */*
Processing by ConstellationsController#index as */*
  Parameters: {"id"=>"100"}
  [1m[36mConstellation Load (1.4ms)[0m  [1m[34mSELECT "constellations".* FROM "constellations"[0m
  ↳ app/controllers/constellations_controller.rb:8:in `index'
[active_model_serializers] Rendered ActiveModel::Serializer::CollectionSerializer with ActiveModelSerializers::Adapter::Attributes (11.61ms)
Completed 200 OK in 22ms (Views: 20.4ms | ActiveRecord: 1.4ms | Allocations: 18746)


  [1m[36mConstellation Load (19.1ms)[0m  [1m[34mSELECT "constellations".* FROM "constellations" WHERE "constellations"."id" = $1 LIMIT $2[0m  [["id", 100], ["LIMIT", 1]]
  ↳ app/controllers/constellations_controller.rb:18:in `find_constellation'
[active_model_serializers] Rendered ConstellationSerializer with ActiveModelSerializers::Adapter::Attributes (0.4ms)
Completed 200 OK in 24ms (Views: 1.2ms | ActiveRecord: 19.1ms | Allocations: 19584)


Started GET "/constellations/89" for ::1 at 2022-03-28 16:27:54 -0400
Started GET "/constellations" for ::1 at 2022-03-28 16:27:54 -0400
Processing by ConstellationsController#index as */*
Processing by ConstellationsController#show as */*
  Parameters: {"id"=>"89"}
  [1m[36mConstellation Load (0.8ms)[0m  [1m[34mSELECT "constellations".* FROM "constellations" WHERE "constellations"."id" = $1 LIMIT $2[0m  [["id", 89], ["LIMIT", 1]]
  ↳ app/controllers/constellations_controller.rb:18:in `find_constellation'
  [1m[36mConstellation Load (2.7ms)[0m  [1m[34mSELECT "constellations".* FROM "constellations"[0m
  ↳ app/controllers/constellations_controller.rb:8:in `index'
[active_model_serializers] Rendered ConstellationSerializer with ActiveModelSerializers::Adapter::Attributes (0.79ms)
[active_model_serializers] Rendered ActiveModel::Serializer::CollectionSerializer with ActiveModelSerializers::Adapter::Attributes (25.13ms)
Completed 200 OK in 58ms (Views: 29.0ms | ActiveRecord: 0.8ms | Allocations: 19274)


Completed 200 OK in 62ms (Views: 57.7ms | ActiveRecord: 2.7ms | Allocations: 19656)


Started GET "/" for 127.0.0.1 at 2022-03-28 16:47:22 -0400
Processing by Rails::WelcomeController#index as HTML
  Rendering /Users/aaronkaplan/.rvm/gems/ruby-2.7.4/gems/railties-6.1.3.2/lib/rails/templates/rails/welcome/index.html.erb
  Rendered /Users/aaronkaplan/.rvm/gems/ruby-2.7.4/gems/railties-6.1.3.2/lib/rails/templates/rails/welcome/index.html.erb (Duration: 7.5ms | Allocations: 294)
Completed 200 OK in 16ms (Views: 9.8ms | Allocations: 2270)


Started GET "/favicon.ico" for 127.0.0.1 at 2022-03-28 16:47:23 -0400
  
ActionController::RoutingError (No route matches [GET] "/favicon.ico"):
  
Started GET "/constellations/89" for ::1 at 2022-03-28 16:55:21 -0400
Started GET "/constellations" for ::1 at 2022-03-28 16:55:21 -0400
Processing by ConstellationsController#index as */*
Processing by ConstellationsController#show as */*
  Parameters: {"id"=>"89"}
  [1m[36mConstellation Load (0.5ms)[0m  [1m[34mSELECT "constellations".* FROM "constellations" WHERE "constellations"."id" = $1 LIMIT $2[0m  [["id", 89], ["LIMIT", 1]]
  [1m[36mConstellation Load (1.7ms)[0m  [1m[34mSELECT "constellations".* FROM "constellations"[0m
  ↳ app/controllers/constellations_controller.rb:18:in `find_constellation'
  ↳ app/controllers/constellations_controller.rb:8:in `index'
[active_model_serializers] Rendered ConstellationSerializer with ActiveModelSerializers::Adapter::Attributes (1.5ms)
Completed 200 OK in 294ms (Views: 26.7ms | ActiveRecord: 92.5ms | Allocations: 25421)


[active_model_serializers] Rendered ActiveModel::Serializer::CollectionSerializer with ActiveModelSerializers::Adapter::Attributes (15.18ms)
Completed 200 OK in 306ms (Views: 304.3ms | ActiveRecord: 100.2ms | Allocations: 26098)


Started GET "/constellations" for ::1 at 2022-03-28 16:56:25 -0400
Started GET "/constellations/89" for ::1 at 2022-03-28 16:56:25 -0400
Processing by ConstellationsController#index as */*
Processing by ConstellationsController#show as */*
  Parameters: {"id"=>"89"}
  [1m[36mConstellation Load (6.8ms)[0m  [1m[34mSELECT "constellations".* FROM "constellations"[0m
  ↳ app/controllers/constellations_controller.rb:8:in `index'
[active_model_serializers] Rendered ActiveModel::Serializer::CollectionSerializer with ActiveModelSerializers::Adapter::Attributes (21.74ms)
Completed 200 OK in 43ms (Views: 35.0ms | ActiveRecord: 6.8ms | Allocations: 18754)


  [1m[36mConstellation Load (29.1ms)[0m  [1m[34mSELECT "constellations".* FROM "constellations" WHERE "constellations"."id" = $1 LIMIT $2[0m  [["id", 89], ["LIMIT", 1]]
  ↳ app/controllers/constellations_controller.rb:18:in `find_constellation'
[active_model_serializers] Rendered ConstellationSerializer with ActiveModelSerializers::Adapter::Attributes (0.22ms)
Completed 200 OK in 47ms (Views: 0.9ms | ActiveRecord: 29.1ms | Allocations: 19585)


Started GET "/constellations/89" for ::1 at 2022-03-28 16:56:26 -0400
Started GET "/constellations" for ::1 at 2022-03-28 16:56:26 -0400
Processing by ConstellationsController#show as */*
  Parameters: {"id"=>"89"}
Processing by ConstellationsController#index as */*
  [1m[36mConstellation Load (11.7ms)[0m  [1m[34mSELECT "constellations".* FROM "constellations" WHERE "constellations"."id" = $1 LIMIT $2[0m  [["id", 89], ["LIMIT", 1]]
  ↳ app/controllers/constellations_controller.rb:18:in `find_constellation'
  [1m[36mConstellation Load (2.4ms)[0m  [1m[34mSELECT "constellations".* FROM "constellations"[0m
  ↳ app/controllers/constellations_controller.rb:8:in `index'
[active_model_serializers] Rendered ConstellationSerializer with ActiveModelSerializers::Adapter::Attributes (1.23ms)
[active_model_serializers] Rendered ActiveModel::Serializer::CollectionSerializer with ActiveModelSerializers::Adapter::Attributes (16.49ms)
Completed 200 OK in 41ms (Views: 21.3ms | ActiveRecord: 11.7ms | Allocations: 19576)


Completed 200 OK in 40ms (Views: 37.7ms | ActiveRecord: 2.4ms | Allocations: 19415)


Started GET "/constellations" for ::1 at 2022-03-28 16:56:32 -0400
Started GET "/constellations/89" for ::1 at 2022-03-28 16:56:32 -0400
Processing by ConstellationsController#index as */*
Processing by ConstellationsController#show as */*
  Parameters: {"id"=>"89"}
  [1m[36mConstellation Load (1.0ms)[0m  [1m[34mSELECT "constellations".* FROM "constellations" WHERE "constellations"."id" = $1 LIMIT $2[0m  [["id", 89], ["LIMIT", 1]]
  [1m[36mConstellation Load (1.0ms)[0m  [1m[34mSELECT "constellations".* FROM "constellations"[0m
  ↳ app/controllers/constellations_controller.rb:8:in `index'
[active_model_serializers] Rendered ActiveModel::Serializer::CollectionSerializer with ActiveModelSerializers::Adapter::Attributes (15.03ms)
  ↳ app/controllers/constellations_controller.rb:18:in `find_constellation'
[active_model_serializers] Rendered ConstellationSerializer with ActiveModelSerializers::Adapter::Attributes (0.22ms)
Completed 200 OK in 50ms (Views: 47.7ms | ActiveRecord: 1.0ms | Allocations: 19631)


Completed 200 OK in 47ms (Views: 1.0ms | ActiveRecord: 1.0ms | Allocations: 19372)


Started GET "/constellations/babel/parser/lib/index.js" for 127.0.0.1 at 2022-03-28 16:57:14 -0400
  
ActionController::RoutingError (No route matches [GET] "/constellations/babel/parser/lib/index.js"):
  
Started GET "/constellations" for ::1 at 2022-03-28 16:57:19 -0400
Started GET "/constellations/89" for ::1 at 2022-03-28 16:57:19 -0400
Processing by ConstellationsController#index as */*
Processing by ConstellationsController#show as */*
  Parameters: {"id"=>"89"}
  [1m[36mConstellation Load (2.7ms)[0m  [1m[34mSELECT "constellations".* FROM "constellations" WHERE "constellations"."id" = $1 LIMIT $2[0m  [["id", 89], ["LIMIT", 1]]
  ↳ app/controllers/constellations_controller.rb:18:in `find_constellation'
  [1m[36mConstellation Load (3.6ms)[0m  [1m[34mSELECT "constellations".* FROM "constellations"[0m
[active_model_serializers] Rendered ConstellationSerializer with ActiveModelSerializers::Adapter::Attributes (0.72ms)
  ↳ app/controllers/constellations_controller.rb:8:in `index'
Completed 200 OK in 18ms (Views: 2.6ms | ActiveRecord: 2.7ms | Allocations: 1274)


[active_model_serializers] Rendered ActiveModel::Serializer::CollectionSerializer with ActiveModelSerializers::Adapter::Attributes (22.9ms)
Completed 200 OK in 57ms (Views: 52.1ms | ActiveRecord: 3.6ms | Allocations: 19869)


Started POST "/" for ::1 at 2022-03-28 16:57:24 -0400
  
ActionController::RoutingError (No route matches [POST] "/"):
  
Started POST "/" for ::1 at 2022-03-28 16:57:30 -0400
  
ActionController::RoutingError (No route matches [POST] "/"):
  
Started POST "/" for ::1 at 2022-03-28 16:57:31 -0400
  
ActionController::RoutingError (No route matches [POST] "/"):
  
Started POST "/" for ::1 at 2022-03-28 16:57:32 -0400
  
ActionController::RoutingError (No route matches [POST] "/"):
  
Started POST "/users" for ::1 at 2022-03-28 16:58:51 -0400
Processing by UsersController#create as */*
  Parameters: {"username"=>"test", "password"=>"[FILTERED]", "user"=>{"username"=>"test", "password"=>"[FILTERED]"}}
[31mUnpermitted parameter: :user[0m
  [1m[36mTRANSACTION (0.2ms)[0m  [1m[35mBEGIN[0m
  ↳ app/controllers/users_controller.rb:4:in `create'
  [1m[36mUser Exists? (5.6ms)[0m  [1m[34mSELECT 1 AS one FROM "users" WHERE "users"."username" = $1 LIMIT $2[0m  [["username", "test"], ["LIMIT", 1]]
  ↳ app/controllers/users_controller.rb:4:in `create'
  [1m[36mTRANSACTION (8.3ms)[0m  [1m[31mROLLBACK[0m
  ↳ app/controllers/users_controller.rb:4:in `create'
[active_model_serializers] Rendered ActiveModel::Serializer::Null with Hash (0.13ms)
Completed 422 Unprocessable Entity in 43ms (Views: 0.6ms | ActiveRecord: 47.3ms | Allocations: 6978)


Started POST "/users" for ::1 at 2022-03-28 16:59:05 -0400
Processing by UsersController#create as */*
  Parameters: {"username"=>"testing", "password"=>"[FILTERED]", "user"=>{"username"=>"testing", "password"=>"[FILTERED]"}}
[31mUnpermitted parameter: :user[0m
  [1m[36mTRANSACTION (0.7ms)[0m  [1m[35mBEGIN[0m
  ↳ app/controllers/users_controller.rb:4:in `create'
  [1m[36mUser Exists? (0.8ms)[0m  [1m[34mSELECT 1 AS one FROM "users" WHERE "users"."username" = $1 LIMIT $2[0m  [["username", "testing"], ["LIMIT", 1]]
  ↳ app/controllers/users_controller.rb:4:in `create'
  [1m[36mUser Create (10.9ms)[0m  [1m[32mINSERT INTO "users" ("username", "password", "created_at", "updated_at") VALUES ($1, $2, $3, $4) RETURNING "id"[0m  [["username", "testing"], ["password", "test"], ["created_at", "2022-03-28 20:59:05.062399"], ["updated_at", "2022-03-28 20:59:05.062399"]]
  ↳ app/controllers/users_controller.rb:4:in `create'
  [1m[36mTRANSACTION (1.5ms)[0m  [1m[35mCOMMIT[0m
  ↳ app/controllers/users_controller.rb:4:in `create'
[active_model_serializers] Rendered UserSerializer with ActiveModelSerializers::Adapter::Attributes (0.32ms)
Completed 201 Created in 48ms (Views: 5.7ms | ActiveRecord: 13.9ms | Allocations: 3031)


Started POST "/users" for ::1 at 2022-03-28 16:59:09 -0400
Processing by UsersController#create as */*
  Parameters: {"username"=>{"id"=>3, "username"=>"testing", "password"=>"[FILTERED]"}, "password"=>"[FILTERED]", "user"=>{"username"=>{"id"=>3, "username"=>"testing", "password"=>"[FILTERED]"}, "password"=>"[FILTERED]"}}
[31mUnpermitted parameters: :username, :user[0m
  [1m[36mTRANSACTION (0.1ms)[0m  [1m[35mBEGIN[0m
  ↳ app/controllers/users_controller.rb:4:in `create'
  [1m[36mUser Exists? (0.4ms)[0m  [1m[34mSELECT 1 AS one FROM "users" WHERE "users"."username" IS NULL LIMIT $1[0m  [["LIMIT", 1]]
  ↳ app/controllers/users_controller.rb:4:in `create'
  [1m[36mTRANSACTION (0.2ms)[0m  [1m[31mROLLBACK[0m
  ↳ app/controllers/users_controller.rb:4:in `create'
[active_model_serializers] Rendered ActiveModel::Serializer::Null with Hash (0.1ms)
Completed 422 Unprocessable Entity in 10ms (Views: 1.1ms | ActiveRecord: 0.8ms | Allocations: 2853)


Started POST "/users" for ::1 at 2022-03-28 16:59:32 -0400
Processing by UsersController#create as */*
  Parameters: {"username"=>"testing", "password"=>"[FILTERED]", "user"=>{"username"=>"testing", "password"=>"[FILTERED]"}}
[31mUnpermitted parameter: :user[0m
  [1m[36mTRANSACTION (0.2ms)[0m  [1m[35mBEGIN[0m
  ↳ app/controllers/users_controller.rb:4:in `create'
  [1m[36mUser Exists? (1.6ms)[0m  [1m[34mSELECT 1 AS one FROM "users" WHERE "users"."username" = $1 LIMIT $2[0m  [["username", "testing"], ["LIMIT", 1]]
  ↳ app/controllers/users_controller.rb:4:in `create'
  [1m[36mTRANSACTION (0.2ms)[0m  [1m[31mROLLBACK[0m
  ↳ app/controllers/users_controller.rb:4:in `create'
[active_model_serializers] Rendered ActiveModel::Serializer::Null with Hash (0.16ms)
Completed 422 Unprocessable Entity in 20ms (Views: 0.8ms | ActiveRecord: 2.0ms | Allocations: 2856)


Started POST "/users" for ::1 at 2022-03-28 16:59:34 -0400
Processing by UsersController#create as */*
  Parameters: {"username"=>"chun", "password"=>"[FILTERED]", "user"=>{"username"=>"chun", "password"=>"[FILTERED]"}}
[31mUnpermitted parameter: :user[0m
  [1m[36mTRANSACTION (0.2ms)[0m  [1m[35mBEGIN[0m
  ↳ app/controllers/users_controller.rb:4:in `create'
  [1m[36mUser Exists? (0.5ms)[0m  [1m[34mSELECT 1 AS one FROM "users" WHERE "users"."username" = $1 LIMIT $2[0m  [["username", "chun"], ["LIMIT", 1]]
  ↳ app/controllers/users_controller.rb:4:in `create'
  [1m[36mUser Create (0.9ms)[0m  [1m[32mINSERT INTO "users" ("username", "password", "created_at", "updated_at") VALUES ($1, $2, $3, $4) RETURNING "id"[0m  [["username", "chun"], ["password", "test"], ["created_at", "2022-03-28 20:59:34.779714"], ["updated_at", "2022-03-28 20:59:34.779714"]]
  ↳ app/controllers/users_controller.rb:4:in `create'
  [1m[36mTRANSACTION (5.7ms)[0m  [1m[35mCOMMIT[0m
  ↳ app/controllers/users_controller.rb:4:in `create'
[active_model_serializers] Rendered UserSerializer with ActiveModelSerializers::Adapter::Attributes (0.38ms)
Completed 201 Created in 16ms (Views: 1.1ms | ActiveRecord: 7.2ms | Allocations: 2687)


Started POST "/users" for ::1 at 2022-03-28 16:59:43 -0400
Processing by UsersController#create as */*
  Parameters: {"username"=>"chun", "password"=>"[FILTERED]", "user"=>{"username"=>"chun", "password"=>"[FILTERED]"}}
[31mUnpermitted parameter: :user[0m
  [1m[36mTRANSACTION (0.1ms)[0m  [1m[35mBEGIN[0m
  ↳ app/controllers/users_controller.rb:4:in `create'
  [1m[36mUser Exists? (0.5ms)[0m  [1m[34mSELECT 1 AS one FROM "users" WHERE "users"."username" = $1 LIMIT $2[0m  [["username", "chun"], ["LIMIT", 1]]
  ↳ app/controllers/users_controller.rb:4:in `create'
  [1m[36mTRANSACTION (0.2ms)[0m  [1m[31mROLLBACK[0m
  ↳ app/controllers/users_controller.rb:4:in `create'
[active_model_serializers] Rendered ActiveModel::Serializer::Null with Hash (0.1ms)
Completed 422 Unprocessable Entity in 9ms (Views: 0.9ms | ActiveRecord: 0.8ms | Allocations: 2853)


Started POST "/users" for ::1 at 2022-03-28 16:59:45 -0400
Processing by UsersController#create as */*
  Parameters: {"username"=>"aaron", "password"=>"[FILTERED]", "user"=>{"username"=>"aaron", "password"=>"[FILTERED]"}}
[31mUnpermitted parameter: :user[0m
  [1m[36mTRANSACTION (0.2ms)[0m  [1m[35mBEGIN[0m
  ↳ app/controllers/users_controller.rb:4:in `create'
  [1m[36mUser Exists? (0.6ms)[0m  [1m[34mSELECT 1 AS one FROM "users" WHERE "users"."username" = $1 LIMIT $2[0m  [["username", "aaron"], ["LIMIT", 1]]
  ↳ app/controllers/users_controller.rb:4:in `create'
  [1m[36mUser Create (0.4ms)[0m  [1m[32mINSERT INTO "users" ("username", "password", "created_at", "updated_at") VALUES ($1, $2, $3, $4) RETURNING "id"[0m  [["username", "aaron"], ["password", "test"], ["created_at", "2022-03-28 20:59:45.011041"], ["updated_at", "2022-03-28 20:59:45.011041"]]
  ↳ app/controllers/users_controller.rb:4:in `create'
  [1m[36mTRANSACTION (4.7ms)[0m  [1m[35mCOMMIT[0m
  ↳ app/controllers/users_controller.rb:4:in `create'
[active_model_serializers] Rendered UserSerializer with ActiveModelSerializers::Adapter::Attributes (0.26ms)
Completed 201 Created in 15ms (Views: 0.8ms | ActiveRecord: 5.8ms | Allocations: 2683)


Started GET "/constellations" for ::1 at 2022-03-28 17:14:52 -0400
  [1m[35m (1.6ms)[0m  [1m[34mSELECT "schema_migrations"."version" FROM "schema_migrations" ORDER BY "schema_migrations"."version" ASC[0m
Processing by ConstellationsController#index as */*
  [1m[36mConstellation Load (1.0ms)[0m  [1m[34mSELECT "constellations".* FROM "constellations"[0m
  ↳ app/controllers/constellations_controller.rb:8:in `index'
[active_model_serializers] Rendered ActiveModel::Serializer::CollectionSerializer with ActiveModelSerializers::Adapter::Attributes (6.1ms)
Completed 200 OK in 31ms (Views: 15.7ms | ActiveRecord: 10.8ms | Allocations: 30370)


Started GET "/constellations" for ::1 at 2022-03-28 17:14:52 -0400
Processing by ConstellationsController#index as */*
  [1m[36mConstellation Load (21.4ms)[0m  [1m[34mSELECT "constellations".* FROM "constellations"[0m
  ↳ app/controllers/constellations_controller.rb:8:in `index'
[active_model_serializers] Rendered ActiveModel::Serializer::CollectionSerializer with ActiveModelSerializers::Adapter::Attributes (6.04ms)
Completed 200 OK in 32ms (Views: 10.3ms | ActiveRecord: 21.4ms | Allocations: 18666)


Started GET "/constellations" for ::1 at 2022-03-28 17:14:53 -0400
Processing by ConstellationsController#index as */*
  [1m[36mConstellation Load (0.6ms)[0m  [1m[34mSELECT "constellations".* FROM "constellations"[0m
  ↳ app/controllers/constellations_controller.rb:8:in `index'
[active_model_serializers] Rendered ActiveModel::Serializer::CollectionSerializer with ActiveModelSerializers::Adapter::Attributes (6.01ms)
Completed 200 OK in 17ms (Views: 16.6ms | ActiveRecord: 0.6ms | Allocations: 18666)


Started GET "/constellations" for ::1 at 2022-03-28 17:14:55 -0400
Processing by ConstellationsController#index as */*
  [1m[36mConstellation Load (0.4ms)[0m  [1m[34mSELECT "constellations".* FROM "constellations"[0m
  ↳ app/controllers/constellations_controller.rb:8:in `index'
[active_model_serializers] Rendered ActiveModel::Serializer::CollectionSerializer with ActiveModelSerializers::Adapter::Attributes (5.74ms)
Completed 200 OK in 23ms (Views: 22.0ms | ActiveRecord: 0.4ms | Allocations: 18666)


Started GET "/constellations" for ::1 at 2022-03-28 18:16:05 -0400
Processing by ConstellationsController#index as */*
  [1m[36mConstellation Load (1.1ms)[0m  [1m[34mSELECT "constellations".* FROM "constellations"[0m
  ↳ app/controllers/constellations_controller.rb:8:in `index'
[active_model_serializers] Rendered ActiveModel::Serializer::CollectionSerializer with ActiveModelSerializers::Adapter::Attributes (6.02ms)
Completed 200 OK in 76ms (Views: 75.6ms | ActiveRecord: 18.1ms | Allocations: 21842)


Started GET "/constellations" for ::1 at 2022-03-28 18:47:31 -0400
Processing by ConstellationsController#index as */*
  [1m[36mConstellation Load (0.9ms)[0m  [1m[34mSELECT "constellations".* FROM "constellations"[0m
  ↳ app/controllers/constellations_controller.rb:8:in `index'
[active_model_serializers] Rendered ActiveModel::Serializer::CollectionSerializer with ActiveModelSerializers::Adapter::Attributes (6.27ms)
Completed 200 OK in 20ms (Views: 20.3ms | ActiveRecord: 6.6ms | Allocations: 21819)


Started GET "/constellations" for ::1 at 2022-03-28 18:47:31 -0400
Processing by ConstellationsController#index as */*
  [1m[36mConstellation Load (1.1ms)[0m  [1m[34mSELECT "constellations".* FROM "constellations"[0m
  ↳ app/controllers/constellations_controller.rb:8:in `index'
[active_model_serializers] Rendered ActiveModel::Serializer::CollectionSerializer with ActiveModelSerializers::Adapter::Attributes (6.14ms)
Completed 200 OK in 10ms (Views: 8.7ms | ActiveRecord: 1.1ms | Allocations: 18644)


Started GET "/constellations" for ::1 at 2022-03-28 18:47:35 -0400
Processing by ConstellationsController#index as */*
  [1m[36mConstellation Load (0.7ms)[0m  [1m[34mSELECT "constellations".* FROM "constellations"[0m
  ↳ app/controllers/constellations_controller.rb:8:in `index'
[active_model_serializers] Rendered ActiveModel::Serializer::CollectionSerializer with ActiveModelSerializers::Adapter::Attributes (7.91ms)
Completed 200 OK in 13ms (Views: 11.8ms | ActiveRecord: 0.7ms | Allocations: 18644)


Started GET "/constellations" for 127.0.0.1 at 2022-03-28 18:47:40 -0400
Processing by ConstellationsController#index as */*
  [1m[36mConstellation Load (0.4ms)[0m  [1m[34mSELECT "constellations".* FROM "constellations"[0m
  ↳ app/controllers/constellations_controller.rb:8:in `index'
[active_model_serializers] Rendered ActiveModel::Serializer::CollectionSerializer with ActiveModelSerializers::Adapter::Attributes (6.13ms)
Completed 200 OK in 9ms (Views: 8.9ms | ActiveRecord: 0.4ms | Allocations: 18651)


Started GET "/constellations" for 127.0.0.1 at 2022-03-28 18:47:41 -0400
Processing by ConstellationsController#index as */*
  [1m[36mConstellation Load (0.4ms)[0m  [1m[34mSELECT "constellations".* FROM "constellations"[0m
  ↳ app/controllers/constellations_controller.rb:8:in `index'
[active_model_serializers] Rendered ActiveModel::Serializer::CollectionSerializer with ActiveModelSerializers::Adapter::Attributes (8.92ms)
Completed 200 OK in 12ms (Views: 11.6ms | ActiveRecord: 0.4ms | Allocations: 18651)


